<?xml version="1.0" encoding="UTF-8"?>
<!-- Generated by org.testng.reporters.JUnitReportReporter -->
<testsuite hostname="DINESHMURUGAIN" failures="0" tests="1" name="Non_BDD_style.Get_Non_BDD_Style" time="4.566" errors="0" timestamp="2024-04-27T09:28:54 IST" skipped="0">
  <testcase classname="Non_BDD_style.Get_Non_BDD_Style" name="getmethod" time="4.566"/>
  <system-out/>
</testsuite> <!-- Non_BDD_style.Get_Non_BDD_Style -->
