<?xml version="1.0" encoding="UTF-8"?>
<!-- Generated by org.testng.reporters.JUnitReportReporter -->
<testsuite hostname="DESKTOP-RBQ9QUU" failures="0" tests="1" name="org.Ressst_code.Resst_Assert_Example" time="4.064" errors="0" timestamp="2022-10-21T09:03:43 IST" skipped="0">
  <testcase classname="org.Ressst_code.Resst_Assert_Example" name="Rest_Assured" time="4.064"/>
  <system-out/>
</testsuite> <!-- org.Ressst_code.Resst_Assert_Example -->
