<?xml version="1.0" encoding="UTF-8"?>
<!-- Generated by org.testng.reporters.JUnitReportReporter -->
<testsuite hostname="DINESHMURUGAIN" failures="0" tests="1" name="BDD_Rest_assert.Put_BDD_Style" time="2.705" errors="0" timestamp="2024-01-31T08:18:45 IST" skipped="0">
  <testcase classname="BDD_Rest_assert.Put_BDD_Style" name="put" time="2.705"/>
  <system-out/>
</testsuite> <!-- BDD_Rest_assert.Put_BDD_Style -->
