<?xml version="1.0" encoding="UTF-8"?>
<!-- Generated by org.testng.reporters.JUnitReportReporter -->
<testsuite hostname="DINESHMURUGAIN" failures="0" tests="1" name="BDD_Rest_assert.Post_BDD_Style" time="2.180" errors="0" timestamp="2024-01-30T11:26:44 IST" skipped="0">
  <testcase classname="BDD_Rest_assert.Post_BDD_Style" name="post" time="2.180"/>
  <system-out/>
</testsuite> <!-- BDD_Rest_assert.Post_BDD_Style -->
