<?xml version="1.0" encoding="UTF-8"?>
<!-- Generated by org.testng.reporters.JUnitReportReporter -->
<testsuite hostname="DESKTOP-RBQ9QUU" failures="0" tests="4" name="bdd_restassert.Thes_BDD_fuction" time="3.673" errors="0" timestamp="2022-12-16T18:25:33 IST" skipped="3">
  <testcase classname="bdd_restassert.Thes_BDD_fuction" name="GetPutmethod" time="3.673"/>
  <system-out/>
  <testcase classname="bdd_restassert.Thes_BDD_fuction" name="Getmethod">
    <skipped/>
  </testcase> <!-- Getmethod -->
  <system-out/>
  <testcase classname="bdd_restassert.Thes_BDD_fuction" name="Getpostmethod">
    <skipped/>
  </testcase> <!-- Getpostmethod -->
  <system-out/>
  <testcase classname="bdd_restassert.Thes_BDD_fuction" name="GetDelect">
    <skipped/>
  </testcase> <!-- GetDelect -->
  <system-out/>
</testsuite> <!-- bdd_restassert.Thes_BDD_fuction -->
