<?xml version="1.0" encoding="UTF-8"?>
<!-- Generated by org.testng.reporters.JUnitReportReporter -->
<testsuite hostname="DESKTOP-RBQ9QUU" failures="0" tests="1" name="Rest_Assert_Authenitcation.Api_auth" time="2.650" errors="0" timestamp="2023-01-08T08:44:51 IST" skipped="0">
  <testcase classname="Rest_Assert_Authenitcation.Api_auth" name="Apikey" time="2.650"/>
  <system-out/>
</testsuite> <!-- Rest_Assert_Authenitcation.Api_auth -->
