<?xml version="1.0" encoding="UTF-8"?>
<!-- Generated by org.testng.reporters.JUnitReportReporter -->
<testsuite hostname="DESKTOP-RBQ9QUU" failures="0" tests="4" name="bdd_restassert.Second_clas" time="3.650" errors="0" timestamp="2022-12-16T18:21:56 IST" skipped="3">
  <testcase classname="bdd_restassert.Second_clas" name="put" time="3.650"/>
  <system-out/>
  <testcase classname="bdd_restassert.Second_clas" name="post">
    <skipped/>
  </testcase> <!-- post -->
  <system-out/>
  <testcase classname="bdd_restassert.Second_clas" name="delete">
    <skipped/>
  </testcase> <!-- delete -->
  <system-out/>
  <testcase classname="bdd_restassert.Second_clas" name="Get">
    <skipped/>
  </testcase> <!-- Get -->
  <system-out/>
</testsuite> <!-- bdd_restassert.Second_clas -->
