<?xml version="1.0" encoding="UTF-8"?>
<!-- Generated by org.testng.reporters.JUnitReportReporter -->
<testsuite hostname="DESKTOP-RBQ9QUU" failures="0" tests="1" name="org.serialize_to_poja.Serialize_method" time="3.589" errors="0" timestamp="2023-01-09T18:58:20 IST" skipped="0">
  <testcase classname="org.serialize_to_poja.Serialize_method" name="serlization_to_poja" time="3.589"/>
  <system-out/>
</testsuite> <!-- org.serialize_to_poja.Serialize_method -->
