<?xml version="1.0" encoding="UTF-8"?>
<!-- Generated by org.testng.reporters.JUnitReportReporter -->
<testsuite hostname="DESKTOP-RBQ9QUU" failures="0" tests="1" name="extenal_data_form_restassert.Test_Ex" time="3.411" errors="0" timestamp="2022-12-17T11:24:00 IST" skipped="0">
  <testcase classname="extenal_data_form_restassert.Test_Ex" name="Postmethod" time="3.411"/>
  <system-out/>
</testsuite> <!-- extenal_data_form_restassert.Test_Ex -->
