<?xml version="1.0" encoding="UTF-8"?>
<!-- Generated by org.testng.reporters.JUnitReportReporter -->
<testsuite hostname="DINESHMURUGAIN" failures="0" tests="1" name="Dummy.Gsys" time="5.512" errors="0" timestamp="2024-02-15T12:41:17 IST" skipped="0">
  <testcase classname="Dummy.Gsys" name="getmethod" time="5.512"/>
  <system-out/>
</testsuite> <!-- Dummy.Gsys -->
