<?xml version="1.0" encoding="UTF-8"?>
<!-- Generated by org.testng.reporters.JUnitReportReporter -->
<testsuite hostname="DINESHMURUGAIN" failures="0" tests="1" name="Serialize_and_Deserialize.Serialize_to_Pojo" time="3.545" errors="0" timestamp="2024-02-01T22:57:38 IST" skipped="0">
  <testcase classname="Serialize_and_Deserialize.Serialize_to_Pojo" name="serlization_to_poja" time="3.545"/>
  <system-out/>
</testsuite> <!-- Serialize_and_Deserialize.Serialize_to_Pojo -->
