<?xml version="1.0" encoding="UTF-8"?>
<!-- Generated by org.testng.reporters.JUnitReportReporter -->
<testsuite hostname="DESKTOP-RBQ9QUU" failures="0" tests="1" name="org.Ressst_code.Resst_Assert_get_code" time="2.843" errors="0" timestamp="2022-10-24T09:03:20 IST" skipped="0">
  <testcase classname="org.Ressst_code.Resst_Assert_get_code" name="Rest_Assured" time="2.843"/>
  <system-out/>
</testsuite> <!-- org.Ressst_code.Resst_Assert_get_code -->
