<?xml version="1.0" encoding="UTF-8"?>
<!-- Generated by org.testng.reporters.JUnitReportReporter -->
<testsuite hostname="DINESHMURUGAIN" failures="0" tests="1" name="Rest_Assert_Authenitcation.Base_auth" time="7.490" errors="0" timestamp="2024-03-10T12:54:31 IST" skipped="0">
  <testcase classname="Rest_Assert_Authenitcation.Base_auth" name="baseur" time="7.490"/>
  <system-out/>
</testsuite> <!-- Rest_Assert_Authenitcation.Base_auth -->
