<?xml version="1.0" encoding="UTF-8"?>
<!-- Generated by org.testng.reporters.JUnitReportReporter -->
<testsuite hostname="DESKTOP-RBQ9QUU" failures="0" tests="4" name="org.Test_Running_class.Testcommit" time="3.195" errors="0" timestamp="2022-11-10T10:27:56 IST" skipped="3">
  <testcase classname="org.Test_Running_class.Testcommit" name="getputmethod" time="3.195"/>
  <system-out/>
  <testcase classname="org.Test_Running_class.Testcommit" name="getmethod">
    <skipped/>
  </testcase> <!-- getmethod -->
  <system-out/>
  <testcase classname="org.Test_Running_class.Testcommit" name="postmethod">
    <skipped/>
  </testcase> <!-- postmethod -->
  <system-out/>
  <testcase classname="org.Test_Running_class.Testcommit" name="getdelectmethod">
    <skipped/>
  </testcase> <!-- getdelectmethod -->
  <system-out/>
</testsuite> <!-- org.Test_Running_class.Testcommit -->
