<?xml version="1.0" encoding="UTF-8"?>
<!-- Generated by org.testng.reporters.JUnitReportReporter -->
<testsuite hostname="DINESHMURUGAIN" failures="0" tests="1" name="Dummy.Andjd" time="8.055" errors="0" timestamp="2024-02-16T22:14:00 IST" skipped="0">
  <testcase classname="Dummy.Andjd" name="RegistrationSuccessful" time="8.055"/>
  <system-out/>
</testsuite> <!-- Dummy.Andjd -->
