<?xml version="1.0" encoding="UTF-8"?>
<!-- Generated by org.testng.reporters.JUnitReportReporter -->
<testsuite hostname="DESKTOP-RBQ9QUU" failures="0" tests="1" name="Rest_Assert_Authenitcation.Bearer_TokenAuth" time="5.176" errors="0" timestamp="2023-01-08T12:00:44 IST" skipped="0">
  <testcase classname="Rest_Assert_Authenitcation.Bearer_TokenAuth" name="bearer_Auth" time="5.176"/>
  <system-out/>
</testsuite> <!-- Rest_Assert_Authenitcation.Bearer_TokenAuth -->
