<?xml version="1.0" encoding="UTF-8"?>
<!-- Generated by org.testng.reporters.JUnitReportReporter -->
<testsuite hostname="DINESHMURUGAIN" failures="0" tests="1" name="Non_BDD_style.Post_Non_BDD_Style" time="4.678" errors="0" timestamp="2024-08-23T18:02:01 IST" skipped="0">
  <testcase classname="Non_BDD_style.Post_Non_BDD_Style" name="postmethod" time="4.678"/>
  <system-out/>
</testsuite> <!-- Non_BDD_style.Post_Non_BDD_Style -->
